# JRE version: Java(TM) SE Runtime Environment (8.0_40-b26) (build 1.8.0_40-b26)
# Java VM: Java HotSpot(TM) 64-Bit Server VM (25.40-b25 mixed mode windows-amd64 compressed oops)
Heap:
 PSYoungGen      total 139776K, used 131802K [0x00000000f5580000, 0x0000000100000000, 0x0000000100000000)
  eden space 104960K, 92% used [0x00000000f5580000,0x00000000fb43b048,0x00000000fbc00000)
  from space 34816K, 99% used [0x00000000fbc00000,0x00000000fddfba38,0x00000000fde00000)
  to   space 34816K, 0% used [0x00000000fde00000,0x00000000fde00000,0x0000000100000000)
 ParOldGen       total 349696K, used 144342K [0x00000000e0000000, 0x00000000f5580000, 0x00000000f5580000)
  object space 349696K, 41% used [0x00000000e0000000,0x00000000e8cf5ad8,0x00000000f5580000)
 Metaspace       used 159792K, capacity 169396K, committed 169856K, reserved 1196032K
  class space    used 20557K, capacity 22674K, committed 22912K, reserved 1048576K
GC Heap History (10 events):
Event: 2922.851 GC heap before
{Heap before GC invocations=68 (full 5):
 PSYoungGen      total 144896K, used 143848K [0x00000000f5580000, 0x0000000100000000, 0x0000000100000000)
  eden space 122368K, 100% used [0x00000000f5580000,0x00000000fcd00000,0x00000000fcd00000)
  from space 22528K, 95% used [0x00000000fea00000,0x00000000ffefa218,0x0000000100000000)
  to   space 26112K, 0% used [0x00000000fcd00000,0x00000000fcd00000,0x00000000fe680000)
 ParOldGen       total 349696K, used 139735K [0x00000000e0000000, 0x00000000f5580000, 0x00000000f5580000)
  object space 349696K, 39% used [0x00000000e0000000,0x00000000e8875c80,0x00000000f5580000)
 Metaspace       used 149868K, capacity 158704K, committed 163840K, reserved 1191936K
  class space    used 19247K, capacity 21234K, committed 22400K, reserved 1048576K
Event: 2922.898 GC heap after
Heap after GC invocations=68 (full 5):
 PSYoungGen      total 138752K, used 15910K [0x00000000f5580000, 0x0000000100000000, 0x0000000100000000)
  eden space 122368K, 0% used [0x00000000f5580000,0x00000000f5580000,0x00000000fcd00000)
  from space 16384K, 97% used [0x00000000fcd00000,0x00000000fdc89b18,0x00000000fdd00000)
  to   space 27136K, 0% used [0x00000000fe580000,0x00000000fe580000,0x0000000100000000)
 ParOldGen       total 349696K, used 139735K [0x00000000e0000000, 0x00000000f5580000, 0x00000000f5580000)
  object space 349696K, 39% used [0x00000000e0000000,0x00000000e8875c80,0x00000000f5580000)
 Metaspace       used 149868K, capacity 158704K, committed 163840K, reserved 1191936K
  class space    used 19247K, capacity 21234K, committed 22400K, reserved 1048576K
}
Event: 2929.477 GC heap before
{Heap before GC invocations=69 (full 5):
 PSYoungGen      total 138752K, used 138278K [0x00000000f5580000, 0x0000000100000000, 0x0000000100000000)
  eden space 122368K, 100% used [0x00000000f5580000,0x00000000fcd00000,0x00000000fcd00000)
  from space 16384K, 97% used [0x00000000fcd00000,0x00000000fdc89b18,0x00000000fdd00000)
  to   space 27136K, 0% used [0x00000000fe580000,0x00000000fe580000,0x0000000100000000)
 ParOldGen       total 349696K, used 139735K [0x00000000e0000000, 0x00000000f5580000, 0x00000000f5580000)
  object space 349696K, 39% used [0x00000000e0000000,0x00000000e8875c80,0x00000000f5580000)
 Metaspace       used 150548K, capacity 159472K, committed 163840K, reserved 1191936K
  class space    used 19300K, capacity 21336K, committed 22400K, reserved 1048576K
Event: 2929.502 GC heap after
Heap after GC invocations=69 (full 5):
 PSYoungGen      total 147968K, used 13934K [0x00000000f5580000, 0x0000000100000000, 0x0000000100000000)
  eden space 120832K, 0% used [0x00000000f5580000,0x00000000f5580000,0x00000000fcb80000)
  from space 27136K, 51% used [0x00000000fe580000,0x00000000ff31ba10,0x0000000100000000)
  to   space 26624K, 0% used [0x00000000fcb80000,0x00000000fcb80000,0x00000000fe580000)
 ParOldGen       total 349696K, used 139743K [0x00000000e0000000, 0x00000000f5580000, 0x00000000f5580000)
  object space 349696K, 39% used [0x00000000e0000000,0x00000000e8877c80,0x00000000f5580000)
 Metaspace       used 150548K, capacity 159472K, committed 163840K, reserved 1191936K
  class space    used 19300K, capacity 21336K, committed 22400K, reserved 1048576K
}
Event: 2931.043 GC heap before
{Heap before GC invocations=70 (full 5):
 PSYoungGen      total 147968K, used 134766K [0x00000000f5580000, 0x0000000100000000, 0x0000000100000000)
  eden space 120832K, 100% used [0x00000000f5580000,0x00000000fcb80000,0x00000000fcb80000)
  from space 27136K, 51% used [0x00000000fe580000,0x00000000ff31ba10,0x0000000100000000)
  to   space 26624K, 0% used [0x00000000fcb80000,0x00000000fcb80000,0x00000000fe580000)
 ParOldGen       total 349696K, used 139743K [0x00000000e0000000, 0x00000000f5580000, 0x00000000f5580000)
  object space 349696K, 39% used [0x00000000e0000000,0x00000000e8877c80,0x00000000f5580000)
 Metaspace       used 151194K, capacity 160238K, committed 163840K, reserved 1191936K
  class space    used 19391K, capacity 21429K, committed 22400K, reserved 1048576K
Event: 2931.068 GC heap after
Heap after GC invocations=70 (full 5):
 PSYoungGen      total 144896K, used 23659K [0x00000000f5580000, 0x0000000100000000, 0x0000000100000000)
  eden space 120832K, 0% used [0x00000000f5580000,0x00000000f5580000,0x00000000fcb80000)
  from space 24064K, 98% used [0x00000000fcb80000,0x00000000fe29ad68,0x00000000fe300000)
  to   space 29696K, 0% used [0x00000000fe300000,0x00000000fe300000,0x0000000100000000)
 ParOldGen       total 349696K, used 139751K [0x00000000e0000000, 0x00000000f5580000, 0x00000000f5580000)
  object space 349696K, 39% used [0x00000000e0000000,0x00000000e8879c80,0x00000000f5580000)
 Metaspace       used 151194K, capacity 160238K, committed 163840K, reserved 1191936K
  class space    used 19391K, capacity 21429K, committed 22400K, reserved 1048576K
}
Event: 2931.522 GC heap before
{Heap before GC invocations=71 (full 5):
 PSYoungGen      total 144896K, used 136156K [0x00000000f5580000, 0x0000000100000000, 0x0000000100000000)
  eden space 120832K, 93% used [0x00000000f5580000,0x00000000fc35c2d8,0x00000000fcb80000)
  from space 24064K, 98% used [0x00000000fcb80000,0x00000000fe29ad68,0x00000000fe300000)
  to   space 29696K, 0% used [0x00000000fe300000,0x00000000fe300000,0x0000000100000000)
 ParOldGen       total 349696K, used 139751K [0x00000000e0000000, 0x00000000f5580000, 0x00000000f5580000)
  object space 349696K, 39% used [0x00000000e0000000,0x00000000e8879c80,0x00000000f5580000)
 Metaspace       used 151271K, capacity 160318K, committed 163840K, reserved 1191936K
  class space    used 19404K, capacity 21433K, committed 22400K, reserved 1048576K
Event: 2931.566 GC heap after
Heap after GC invocations=71 (full 5):
 PSYoungGen      total 134656K, used 29679K [0x00000000f5580000, 0x0000000100000000, 0x0000000100000000)
  eden space 104960K, 0% used [0x00000000f5580000,0x00000000f5580000,0x00000000fbc00000)
  from space 29696K, 99% used [0x00000000fe300000,0x00000000ffffbe30,0x0000000100000000)
  to   space 34816K, 0% used [0x00000000fbc00000,0x00000000fbc00000,0x00000000fde00000)
 ParOldGen       total 349696K, used 139996K [0x00000000e0000000, 0x00000000f5580000, 0x00000000f5580000)
  object space 349696K, 40% used [0x00000000e0000000,0x00000000e88b7250,0x00000000f5580000)
 Metaspace       used 151271K, capacity 160318K, committed 163840K, reserved 1191936K
  class space    used 19404K, capacity 21433K, committed 22400K, reserved 1048576K
}
Event: 2932.987 GC heap before
{Heap before GC invocations=72 (full 5):
 PSYoungGen      total 134656K, used 134639K [0x00000000f5580000, 0x0000000100000000, 0x0000000100000000)
  eden space 104960K, 100% used [0x00000000f5580000,0x00000000fbc00000,0x00000000fbc00000)
  from space 29696K, 99% used [0x00000000fe300000,0x00000000ffffbe30,0x0000000100000000)
  to   space 34816K, 0% used [0x00000000fbc00000,0x00000000fbc00000,0x00000000fde00000)
 ParOldGen       total 349696K, used 139996K [0x00000000e0000000, 0x00000000f5580000, 0x00000000f5580000)
  object space 349696K, 40% used [0x00000000e0000000,0x00000000e88b7250,0x00000000f5580000)
 Metaspace       used 152345K, capacity 161482K, committed 163840K, reserved 1191936K
  class space    used 19547K, capacity 21593K, committed 22400K, reserved 1048576K
Event: 2933.019 GC heap after
Heap after GC invocations=72 (full 5):
 PSYoungGen      total 139776K, used 34798K [0x00000000f5580000, 0x0000000100000000, 0x0000000100000000)
  eden space 104960K, 0% used [0x00000000f5580000,0x00000000f5580000,0x00000000fbc00000)
  from space 34816K, 99% used [0x00000000fbc00000,0x00000000fddfba38,0x00000000fde00000)
  to   space 34816K, 0% used [0x00000000fde00000,0x00000000fde00000,0x0000000100000000)
 ParOldGen       total 349696K, used 144342K [0x00000000e0000000, 0x00000000f5580000, 0x00000000f5580000)
  object space 349696K, 41% used [0x00000000e0000000,0x00000000e8cf5ad8,0x00000000f5580000)
 Metaspace       used 152345K, capacity 161482K, committed 163840K, reserved 1191936K
  class space    used 19547K, capacity 21593K, committed 22400K, reserved 1048576K
}

